Detecting compiler hash for triplet x64-linux...
Compiler found: /usr/bin/c++
All requested packages are currently installed.
Total install time: 383 ns
crow provides CMake targets:

  # this is heuristically generated, and may not be correct
  find_package(Crow CONFIG REQUIRED)
  target_link_libraries(main PRIVATE Crow::Crow asio::asio)

The package libpq provides CMake integration:

    find_package(PostgreSQL REQUIRED)
    target_link_libraries(main PRIVATE PostgreSQL::PostgreSQL)

libpqxx provides CMake targets:

  # this is heuristically generated, and may not be correct
  find_package(libpqxx CONFIG REQUIRED)
  target_link_libraries(main PRIVATE libpqxx::pqxx)

libpqxx provides pkg-config modules:

  # C++ client API for the PostgreSQL database management system.
  libpqxx

The package nlohmann-json provides CMake targets:

    find_package(nlohmann_json CONFIG REQUIRED)
    target_link_libraries(main PRIVATE nlohmann_json::nlohmann_json)

The package nlohmann-json can be configured to not provide implicit conversions via a custom triplet file:

    set(nlohmann-json_IMPLICIT_CONVERSIONS OFF)

For more information, see the docs here:
    
    https://json.nlohmann.me/api/macros/json_use_implicit_conversions/

vk-bootstrap provides CMake targets:

  # this is heuristically generated, and may not be correct
  find_package(vk-bootstrap CONFIG REQUIRED)
  target_link_libraries(main PRIVATE vk-bootstrap::vk-bootstrap vk-bootstrap::vk-bootstrap-compiler-warnings)

